INFO  2025-09-15 21:59:58,994 serena.cli:health_check:551 - Starting health check for project: /Users/tomohiro/作業用/Practice/apps/kcal-manager
INFO  2025-09-15 21:59:58,994 serena.cli:health_check:555 - Creating SerenaAgent with disabled dashboard...
INFO  2025-09-15 21:59:59,060 serena.agent:__init__:204 - Starting Serena server (version=0.1.4-3d1b0216-dirty, process id=68398, parent process id=66637)
INFO  2025-09-15 21:59:59,060 serena.agent:__init__:205 - Configuration file: None
INFO  2025-09-15 21:59:59,060 serena.agent:__init__:206 - Available projects: 
INFO  2025-09-15 21:59:59,060 serena.agent:__init__:207 - Loaded tools (36): read_file, create_text_file, list_dir, find_file, replace_regex, delete_lines, replace_lines, insert_at_line, search_for_pattern, restart_language_server, get_symbols_overview, find_symbol, find_referencing_symbols, replace_symbol_body, insert_after_symbol, insert_before_symbol, write_memory, read_memory, list_memories, delete_memory, execute_shell_command, activate_project, remove_project, switch_modes, get_current_config, check_onboarding_performed, onboarding, think_about_collected_information, think_about_task_adherence, think_about_whether_you_are_done, summarize_changes, prepare_for_new_conversation, initial_instructions, jet_brains_find_symbol, jet_brains_find_referencing_symbols, jet_brains_get_symbols_overview
INFO  2025-09-15 21:59:59,060 serena.config.serena_config:apply:106 - SerenaAgentContext[name='desktop-app'] included 1 tools: switch_modes
INFO  2025-09-15 21:59:59,061 serena.agent:__init__:221 - Number of exposed tools: 26
INFO  2025-09-15 21:59:59,073 serena.agent:_update_active_tools:401 - Active tools (26): activate_project, check_onboarding_performed, create_text_file, delete_memory, execute_shell_command, find_file, find_referencing_symbols, find_symbol, get_current_config, get_symbols_overview, insert_after_symbol, insert_before_symbol, list_dir, list_memories, onboarding, prepare_for_new_conversation, read_file, read_memory, replace_regex, replace_symbol_body, search_for_pattern, switch_modes, think_about_collected_information, think_about_task_adherence, think_about_whether_you_are_done, write_memory
INFO  2025-09-15 21:59:59,075 serena.util.file_system:start:329 - Loading of .gitignore files starting ...
INFO  2025-09-15 21:59:59,075 serena.util.file_system:_load_gitignore_files:143 - Processing .gitignore file: /Users/tomohiro/作業用/Practice/apps/kcal-manager/frontend/.gitignore
INFO  2025-09-15 21:59:59,075 serena.util.file_system:_load_gitignore_files:143 - Processing .gitignore file: /Users/tomohiro/作業用/Practice/apps/kcal-manager/.serena/.gitignore
INFO  2025-09-15 21:59:59,075 serena.util.file_system:_load_gitignore_files:143 - Processing .gitignore file: /Users/tomohiro/作業用/Practice/apps/kcal-manager/backend/.gitignore
INFO  2025-09-15 21:59:59,076 serena.util.file_system:_load_gitignore_files:143 - Processing .gitignore file: /Users/tomohiro/作業用/Practice/apps/kcal-manager/backend/database/.gitignore
INFO  2025-09-15 21:59:59,077 serena.util.file_system:_load_gitignore_files:143 - Processing .gitignore file: /Users/tomohiro/作業用/Practice/apps/kcal-manager/backend/bootstrap/cache/.gitignore
INFO  2025-09-15 21:59:59,077 serena.util.file_system:_load_gitignore_files:143 - Processing .gitignore file: /Users/tomohiro/作業用/Practice/apps/kcal-manager/backend/storage/app/.gitignore
INFO  2025-09-15 21:59:59,078 serena.util.file_system:_load_gitignore_files:143 - Processing .gitignore file: /Users/tomohiro/作業用/Practice/apps/kcal-manager/backend/storage/framework/.gitignore
INFO  2025-09-15 21:59:59,078 serena.util.file_system:_load_gitignore_files:143 - Processing .gitignore file: /Users/tomohiro/作業用/Practice/apps/kcal-manager/backend/storage/logs/.gitignore
INFO  2025-09-15 21:59:59,078 serena.util.file_system:_load_gitignore_files:143 - Processing .gitignore file: /Users/tomohiro/作業用/Practice/apps/kcal-manager/backend/storage/app/public/.gitignore
INFO  2025-09-15 21:59:59,078 serena.util.file_system:_load_gitignore_files:143 - Processing .gitignore file: /Users/tomohiro/作業用/Practice/apps/kcal-manager/backend/storage/app/private/.gitignore
INFO  2025-09-15 21:59:59,078 serena.util.file_system:_load_gitignore_files:143 - Processing .gitignore file: /Users/tomohiro/作業用/Practice/apps/kcal-manager/backend/storage/framework/cache/.gitignore
INFO  2025-09-15 21:59:59,078 serena.util.file_system:_load_gitignore_files:143 - Processing .gitignore file: /Users/tomohiro/作業用/Practice/apps/kcal-manager/backend/storage/framework/testing/.gitignore
INFO  2025-09-15 21:59:59,079 serena.util.file_system:_load_gitignore_files:143 - Processing .gitignore file: /Users/tomohiro/作業用/Practice/apps/kcal-manager/backend/storage/framework/sessions/.gitignore
INFO  2025-09-15 21:59:59,079 serena.util.file_system:_load_gitignore_files:143 - Processing .gitignore file: /Users/tomohiro/作業用/Practice/apps/kcal-manager/backend/storage/framework/views/.gitignore
INFO  2025-09-15 21:59:59,079 serena.util.file_system:_load_gitignore_files:143 - Processing .gitignore file: /Users/tomohiro/作業用/Practice/apps/kcal-manager/backend/storage/framework/cache/data/.gitignore
INFO  2025-09-15 21:59:59,079 serena.util.file_system:stop:336 - Loading of .gitignore files completed in 0.004 seconds
INFO  2025-09-15 21:59:59,080 serena.agent:load_project_from_path_or_name:476 - Added new project kcal-manager for path /Users/tomohiro/作業用/Practice/apps/kcal-manager
INFO  2025-09-15 21:59:59,080 serena.agent:_activate_project:441 - Activating kcal-manager at /Users/tomohiro/作業用/Practice/apps/kcal-manager
INFO  2025-09-15 21:59:59,080 serena.agent:_update_active_tools:401 - Active tools (26): activate_project, check_onboarding_performed, create_text_file, delete_memory, execute_shell_command, find_file, find_referencing_symbols, find_symbol, get_current_config, get_symbols_overview, insert_after_symbol, insert_before_symbol, list_dir, list_memories, onboarding, prepare_for_new_conversation, read_file, read_memory, replace_regex, replace_symbol_body, search_for_pattern, switch_modes, think_about_collected_information, think_about_task_adherence, think_about_whether_you_are_done, write_memory
INFO  2025-09-15 21:59:59,080 serena.agent:issue_task:420 - Scheduling Task-1[init_language_server]
INFO  2025-09-15 21:59:59,080 serena.agent:start:329 - Task-1[init_language_server] starting ...
INFO  2025-09-15 21:59:59,080 serena.cli:health_check:558 - SerenaAgent created successfully
INFO  2025-09-15 21:59:59,080 serena.agent:start:329 - Language server initialization starting ...
INFO  2025-09-15 21:59:59,080 serena.cli:health_check:561 - Searching for analyzable files...
INFO  2025-09-15 21:59:59,080 serena.project:create_language_server:303 - Creating language server instance for /Users/tomohiro/作業用/Practice/apps/kcal-manager.
INFO  2025-09-15 21:59:59,099 serena.cli:health_check:570 - Found analyzable file: backend/database/migrations/2025_09_04_090814_create_personal_access_tokens_table.php
INFO  2025-09-15 21:59:59,099 serena.cli:health_check:588 - Testing GetSymbolsOverviewTool on file: backend/database/migrations/2025_09_04_090814_create_personal_access_tokens_table.php
INFO  2025-09-15 21:59:59,099 serena.agent:issue_task:420 - Scheduling Task-2[<lambda>]
INFO  2025-09-15 21:59:59,147 serena.agent:reset_language_server:594 - Starting the language server for kcal-manager
INFO  2025-09-15 21:59:59,147 solidlsp:start:1599 - Starting language server with language php for /Users/tomohiro/作業用/Practice/apps/kcal-manager
INFO  2025-09-15 21:59:59,147 solidlsp:_start_server:163 - Starting Intelephense server process
INFO  2025-09-15 21:59:59,147 solidlsp.ls_handler:start:189 - Starting language server process via command: /Users/tomohiro/.serena/language_servers/static/Intelephense/php-lsp/node_modules/.bin/intelephense --stdio
INFO  2025-09-15 21:59:59,183 solidlsp:_start_server:167 - Sending initialize request from LSP client to LSP server and awaiting response
INFO  2025-09-15 21:59:59,670 solidlsp:window_log_message:153 - LSP: window/logMessage: {"type": 3, "message": "Initialising intelephense 1.14.4"}
INFO  2025-09-15 21:59:59,673 solidlsp:window_log_message:153 - LSP: window/logMessage: {"type": 3, "message": "Reading state from /var/folders/r0/8p4f2jf53td_kh959f2l8k040000gp/T/intelephense/697f40a0."}
INFO  2025-09-15 21:59:59,680 solidlsp:window_log_message:153 - LSP: window/logMessage: {"type": 3, "message": "Initialised in 13 ms"}
INFO  2025-09-15 21:59:59,680 solidlsp:_start_server:172 - After sent initialize params
INFO  2025-09-15 21:59:59,680 serena.agent:stop:336 - Language server initialization completed in 0.600 seconds
INFO  2025-09-15 21:59:59,680 serena.agent:stop:336 - Task-1[init_language_server] completed in 0.600 seconds
INFO  2025-09-15 21:59:59,680 serena.agent:start:329 - Task-2[<lambda>] starting ...
INFO  2025-09-15 21:59:59,698 solidlsp:window_log_message:153 - LSP: window/logMessage: {"type": 3, "message": "Searching file:///Users/tomohiro/.serena/language_servers/static/Intelephense/php-lsp/node_modules/intelephense/lib/stub for files to index."}
INFO  2025-09-15 21:59:59,699 serena.agent:stop:336 - Task-2[<lambda>] completed in 0.019 seconds
INFO  2025-09-15 21:59:59,699 serena.cli:health_check:591 - GetSymbolsOverviewTool returned 1 symbols
INFO  2025-09-15 21:59:59,700 serena.cli:health_check:616 - Using symbol for testing: class (kind: 5)
INFO  2025-09-15 21:59:59,700 serena.cli:health_check:619 - Testing FindSymbolTool for symbol: class
INFO  2025-09-15 21:59:59,700 serena.agent:issue_task:420 - Scheduling Task-3[<lambda>]
INFO  2025-09-15 21:59:59,700 serena.agent:start:329 - Task-3[<lambda>] starting ...
INFO  2025-09-15 21:59:59,708 solidlsp:window_log_message:153 - LSP: window/logMessage: {"type": 3, "message": "Searching file:///Users/tomohiro/%E4%BD%9C%E6%A5%AD%E7%94%A8/Practice/apps/kcal-manager for files to index."}
INFO  2025-09-15 21:59:59,713 serena.agent:stop:336 - Task-3[<lambda>] completed in 0.013 seconds
INFO  2025-09-15 21:59:59,713 serena.cli:health_check:624 - FindSymbolTool found 1 matches for symbol class
INFO  2025-09-15 21:59:59,713 serena.cli:health_check:627 - Testing FindReferencingSymbolsTool for symbol: class
INFO  2025-09-15 21:59:59,713 serena.agent:issue_task:420 - Scheduling Task-4[<lambda>]
INFO  2025-09-15 21:59:59,713 serena.agent:start:329 - Task-4[<lambda>] starting ...
INFO  2025-09-15 21:59:59,842 solidlsp:window_log_message:153 - LSP: window/logMessage: {"type": 2, "message": "file:///Users/tomohiro/%E4%BD%9C%E6%A5%AD%E7%94%A8/Practice/apps/kcal-manager/backend/vendor/fakerphp/faker/src/Faker/Provider/nl_BE/Text.php is over the maximum file size of 1000000 bytes."}
INFO  2025-09-15 21:59:59,844 solidlsp:window_log_message:153 - LSP: window/logMessage: {"type": 3, "message": "Indexing started."}
INFO  2025-09-15 22:00:02,728 serena.agent:stop:336 - Task-4[<lambda>] completed in 3.015 seconds
INFO  2025-09-15 22:00:02,728 serena.cli:health_check:631 - FindReferencingSymbolsTool found 0 references for symbol class
INFO  2025-09-15 22:00:02,728 serena.cli:health_check:637 - Testing SearchForPatternTool for pattern: class
INFO  2025-09-15 22:00:02,728 serena.agent:issue_task:420 - Scheduling Task-5[<lambda>]
INFO  2025-09-15 22:00:02,729 serena.agent:start:329 - Task-5[<lambda>] starting ...
INFO  2025-09-15 22:00:02,737 serena.text_utils:search_files:326 - Processing 44 files.
INFO  2025-09-15 22:00:02,758 serena.text_utils:search_files:367 - Found 95 total matches across 44 files
INFO  2025-09-15 22:00:02,759 serena.agent:stop:336 - Task-5[<lambda>] completed in 0.030 seconds
INFO  2025-09-15 22:00:02,759 serena.cli:health_check:644 - SearchForPatternTool found 95 pattern matches for class
INFO  2025-09-15 22:00:02,759 serena.cli:health_check:658 - Health check completed successfully
